[19:55:40] [ServerMain/INFO]: Environment: authHost='https://authserver.mojang.com', accountsHost='https://api.mojang.com', sessionHost='https://sessionserver.mojang.com', servicesHost='https://api.minecraftservices.com', name='PROD'
[19:55:40] [ServerMain/INFO]: Found new data pack file/bukkit, loading it automatically
[19:55:41] [ServerMain/INFO]: Loaded 7 recipes
[19:55:42] [Server thread/INFO]: Starting minecraft server version 1.19.4
[19:55:42] [Server thread/INFO]: Loading properties
[19:55:42] [Server thread/INFO]: This server is running Paper version git-Paper-490 (MC: 1.19.4) (Implementing API version 1.19.4-R0.1-SNAPSHOT) (Git: 0849144)
[19:55:42] [Server thread/INFO]: Server Ping Player Sample Count: 12
[19:55:42] [Server thread/INFO]: Using 4 threads for Netty based IO
[19:55:42] [Server thread/WARN]: [!] The timings profiler has been enabled but has been scheduled for removal from Paper in the future.
    We recommend installing the spark profiler as a replacement: https://spark.lucko.me/
    For more information please visit: https://github.com/PaperMC/Paper/issues/8948
[19:55:42] [Server thread/INFO]: [ChunkTaskScheduler] Chunk system is using 1 I/O threads, 4 worker threads, and gen parallelism of 4 threads
[19:55:42] [Server thread/INFO]: Default game type: SURVIVAL
[19:55:42] [Server thread/INFO]: Generating keypair
[19:55:42] [Server thread/INFO]: Starting Minecraft server on *:25565
[19:55:42] [Server thread/INFO]: Using default channel type
[19:55:42] [Server thread/INFO]: Paper: Using Java compression from Velocity.
[19:55:42] [Server thread/INFO]: Paper: Using Java cipher from Velocity.
[19:55:43] [Server thread/INFO]: [Vault] Loading server plugin Vault v1.7.3-b131
[19:55:43] [Server thread/INFO]: [ChatManager] Loading server plugin ChatManager v74c5191
[19:55:43] [Server thread/INFO]: Server permissions file permissions.yml is empty, ignoring it
[19:55:43] [Server thread/INFO]: [Vault] Enabling Vault v1.7.3-b131
[19:55:43] [Server thread/INFO]: [Vault] [Permission] SuperPermissions loaded as backup permission system.
[19:55:43] [Server thread/INFO]: [Vault] Enabled Version 1.7.3-b131
[19:55:43] [Server thread/INFO]: Preparing level "world"
[19:55:47] [Server thread/INFO]: Preparing start region for dimension minecraft:overworld
[19:55:47] [Server thread/INFO]: Time elapsed: 153 ms
[19:55:47] [Server thread/INFO]: Preparing start region for dimension minecraft:the_nether
[19:55:47] [Server thread/INFO]: Time elapsed: 44 ms
[19:55:47] [Server thread/INFO]: Preparing start region for dimension minecraft:the_end
[19:55:47] [Server thread/INFO]: Time elapsed: 30 ms
[19:55:47] [Server thread/INFO]: [ChatManager] Enabling ChatManager v74c5191
[19:55:47] [Server thread/WARN]: [ChatManager] AutoBroadcast.yml
[19:55:47] [Server thread/WARN]: [ChatManager] bannedcommands.yml
[19:55:47] [Server thread/WARN]: [ChatManager] bannedwords.yml
[19:55:47] [Server thread/WARN]: [ChatManager] config.yml
[19:55:47] [Server thread/WARN]: [ChatManager] Logs
[19:55:47] [Server thread/WARN]: [ChatManager] Logs is a directory.
[19:55:47] [Server thread/WARN]: [ChatManager] Messages.yml
[19:55:47] [Server thread/INFO]: [ChatManager] Metrics has been enabled.
[19:55:47] [Server thread/INFO]: [ChatManager] §6§lESSENTIALS §c§lNOT FOUND
[19:55:47] [Server thread/INFO]: [ChatManager] §6§lVAULT §a§lFOUND
[19:55:47] [Server thread/INFO]: [ChatManager] §6§lSUPER_VANISH §c§lNOT FOUND
[19:55:47] [Server thread/INFO]: [ChatManager] §6§lPLACEHOLDERAPI §c§lNOT FOUND
[19:55:47] [Server thread/INFO]: [ChatManager] §6§lLUCKPERMS §c§lNOT FOUND
[19:55:47] [Server thread/INFO]: [ChatManager] §6§lPREMIUM_VANISH §c§lNOT FOUND
[19:55:47] [Server thread/ERROR]: [ChatManager] A permissions plugin was not found. You will likely have issues without one.
[19:55:47] [Server thread/INFO]: Running delayed init tasks
[19:55:47] [Server thread/INFO]: Done (5.747s)! For help, type "help"
[19:55:47] [Server thread/INFO]: Timings Reset
[19:55:47] [Craft Scheduler Thread - 1 - Vault/INFO]: [Vault] Checking for Updates ... 
[19:55:48] [Craft Scheduler Thread - 1 - Vault/INFO]: [Vault] No new version available
